2019-09-25 20:55:12,336  INFO [main] LogReports:23 - Chrome browser started...
2019-09-25 21:09:37,121  INFO [main] LogReports:23 - Chrome browser started...
2019-09-25 21:10:48,111  INFO [main] LogReports:23 - Chrome browser started...
2019-09-25 21:10:54,176  INFO [main] LogReports:23 - Application is open...
2019-09-25 21:11:23,996  INFO [main] LogReports:23 - Chrome browser started...
2019-09-25 21:11:32,384  INFO [main] LogReports:23 - Application is open...
2019-09-26 11:26:27,997  INFO [main] LogReports:23 - IE browser started...
2019-09-26 11:26:40,149  INFO [main] LogReports:23 - Application is open...
2019-09-26 11:27:12,688  INFO [main] LogReports:23 - IE browser started...
2019-09-26 11:27:12,928  INFO [main] LogReports:23 - Application is open...
2019-09-26 11:45:09,871  INFO [main] LogReports:23 - IE browser started...
2019-09-26 11:45:10,075  INFO [main] LogReports:23 - Application is open...
2019-09-26 11:53:24,306  INFO [main] LogReports:23 - IE browser started...
2019-09-26 11:53:24,543  INFO [main] LogReports:23 - Application is open...
2019-09-26 11:57:36,858  INFO [main] LogReports:23 - IE browser started...
2019-09-26 11:57:37,088  INFO [main] LogReports:23 - Application is open...
2019-09-26 12:26:50,349  INFO [main] LogReports:23 - Chrome browser started...
2019-09-26 12:27:04,649  INFO [main] LogReports:23 - Application is open...
2019-09-26 12:29:46,700  INFO [main] LogReports:23 - IE browser started...
2019-09-26 12:29:46,985  INFO [main] LogReports:23 - Application is open...
2019-09-26 12:32:44,336  INFO [main] LogReports:23 - Chrome browser started...
2019-09-26 12:32:59,294  INFO [main] LogReports:23 - Application is open...
2019-09-26 12:42:34,598  INFO [main] LogReports:23 - IE browser started...
2019-09-26 12:42:34,845  INFO [main] LogReports:23 - Application is open...
2019-09-26 13:20:27,903  INFO [main] LogReports:23 - Chrome browser started...
2019-09-26 13:20:40,058  INFO [main] LogReports:23 - Application is open...
2019-09-26 13:26:36,709  INFO [main] LogReports:23 - Chrome browser started...
2019-09-26 13:26:48,590  INFO [main] LogReports:23 - Application is open...
2019-09-26 13:28:46,746  INFO [main] LogReports:23 - Chrome browser started...
2019-09-26 13:28:59,488  INFO [main] LogReports:23 - Application is open...
2019-09-26 13:30:45,286  INFO [main] LogReports:23 - Chrome browser started...
2019-09-26 13:31:00,436  INFO [main] LogReports:23 - Application is open...
2019-09-26 13:34:06,474  INFO [main] LogReports:23 - Chrome browser started...
2019-09-26 13:34:18,531  INFO [main] LogReports:23 - Application is open...
2019-09-26 14:30:48,748  INFO [main] LogReports:23 - Chrome browser started...
2019-09-26 14:31:09,122  INFO [main] LogReports:23 - Application is open...
2019-09-26 14:33:46,151  INFO [main] LogReports:23 - Chrome browser started...
2019-09-26 14:34:04,683  INFO [main] LogReports:23 - Application is open...
2019-09-26 14:36:56,730  INFO [main] LogReports:23 - Chrome browser started...
2019-09-26 14:37:13,541  INFO [main] LogReports:23 - Application is open...
2019-09-26 14:39:29,417  INFO [main] LogReports:23 - Chrome browser started...
2019-09-26 14:39:49,543  INFO [main] LogReports:23 - Application is open...
2019-09-26 14:40:34,247  INFO [main] LogReports:23 - Chrome browser started...
2019-09-26 14:40:52,520  INFO [main] LogReports:23 - Application is open...
2019-09-26 14:42:05,805  INFO [main] LogReports:23 - Chrome browser started...
2019-09-26 14:42:26,519  INFO [main] LogReports:23 - Application is open...
2019-09-26 14:47:28,721  INFO [main] LogReports:23 - Chrome browser started...
2019-09-26 14:47:45,966  INFO [main] LogReports:23 - Application is open...
2019-09-26 14:52:14,743  INFO [main] LogReports:23 - Chrome browser started...
2019-09-26 14:52:31,940  INFO [main] LogReports:23 - Application is open...
2019-09-26 14:54:37,848  INFO [main] LogReports:23 - Chrome browser started...
2019-09-26 14:54:53,607  INFO [main] LogReports:23 - Application is open...
2019-09-26 14:57:43,155  INFO [main] LogReports:23 - Chrome browser started...
2019-09-26 14:57:58,885  INFO [main] LogReports:23 - Application is open...
2019-09-26 14:57:58,967  INFO [main] LogReports:23 - Locator type doesn't existnull
2019-09-26 14:58:41,100  INFO [main] LogReports:23 - Chrome browser started...
2019-09-26 14:58:57,084  INFO [main] LogReports:23 - Application is open...
2019-09-26 14:58:57,169  INFO [main] LogReports:23 - Locator type doesn't existnull
2019-09-26 15:03:36,499  INFO [main] LogReports:23 - Chrome browser started...
2019-09-26 15:03:52,531  INFO [main] LogReports:23 - Application is open...
2019-09-26 15:05:44,230  INFO [main] LogReports:23 - Chrome browser started...
2019-09-26 15:05:58,743  INFO [main] LogReports:23 - Application is open...
2019-09-26 15:22:03,736  INFO [main] LogReports:23 - Chrome browser started...
2019-09-26 15:22:09,202  INFO [main] LogReports:23 - Application is open...
2019-09-26 15:22:40,492  INFO [main] LogReports:23 - Chrome browser started...
2019-09-26 15:22:57,170  INFO [main] LogReports:23 - Application is open...
2019-09-26 15:22:59,283  INFO [main] LogReports:23 - sitemape verified...
2019-09-26 15:22:59,332  INFO [main] LogReports:23 - services footer validated...
2019-09-26 15:29:52,301  INFO [main] LogReports:23 - Chrome browser started...
2019-09-26 15:30:07,980  INFO [main] LogReports:23 - Application is open...
2019-09-26 15:30:10,159  INFO [main] LogReports:23 - sitemap verified...
2019-09-26 15:30:10,203  INFO [main] LogReports:23 - services footer validated...
2019-09-26 15:30:10,258  INFO [main] LogReports:23 - careers footer validated...
2019-09-26 15:34:32,934  INFO [main] LogReports:23 - Chrome browser started...
2019-09-26 15:34:48,622  INFO [main] LogReports:23 - Application is open...
2019-09-26 15:34:55,087  INFO [main] LogReports:23 - sitemap verified...
2019-09-26 15:34:55,144  INFO [main] LogReports:23 - services footer validated...
2019-09-26 15:34:55,196  INFO [main] LogReports:23 - careers footer validated...
2019-09-26 15:34:55,259  INFO [main] LogReports:23 - contactus footer validated...
2019-09-26 15:35:50,545  INFO [main] LogReports:23 - Chrome browser started...
2019-09-26 15:36:06,521  INFO [main] LogReports:23 - Application is open...
2019-09-26 15:36:08,679  INFO [main] LogReports:23 - sitemap verified...
2019-09-26 15:36:08,734  INFO [main] LogReports:23 - services footer validated...
2019-09-26 15:36:08,810  INFO [main] LogReports:23 - careers footer validated...
2019-09-26 15:36:08,868  INFO [main] LogReports:23 - contactus footer validated...
2019-09-26 15:38:14,610  INFO [main] LogReports:23 - Chrome browser started...
2019-09-26 15:38:30,219  INFO [main] LogReports:23 - Application is open...
2019-09-26 15:40:03,707  INFO [main] LogReports:23 - Chrome browser started...
2019-09-26 15:40:17,288  INFO [main] LogReports:23 - Application is open...
2019-09-26 15:40:19,321  INFO [main] LogReports:23 - sitemap verified...
2019-09-26 15:40:19,372  INFO [main] LogReports:23 - services footer validated...
2019-09-26 15:40:19,433  INFO [main] LogReports:23 - careers footer validated...
2019-09-26 15:40:19,490  INFO [main] LogReports:23 - contactus footer validated...
2019-09-26 15:45:00,601  INFO [main] LogReports:23 - Chrome browser started...
2019-09-26 15:45:21,780  INFO [main] LogReports:23 - Chrome browser started...
2019-09-26 15:45:37,815  INFO [main] LogReports:23 - Application is open...
2019-09-26 15:48:14,923  INFO [main] LogReports:23 - Chrome browser started...
2019-09-26 15:48:30,299  INFO [main] LogReports:23 - Application is open...
2019-09-26 15:48:32,892  INFO [main] LogReports:23 - sitemap verified...
2019-09-26 15:48:32,946  INFO [main] LogReports:23 - services footer validated...
2019-09-26 15:48:33,007  INFO [main] LogReports:23 - careers footer validated...
2019-09-26 15:48:33,068  INFO [main] LogReports:23 - contactus footer validated...
2019-09-26 15:49:25,749  INFO [main] LogReports:23 - Chrome browser started...
2019-09-26 15:49:39,656  INFO [main] LogReports:23 - Application is open...
2019-09-26 15:49:41,856  INFO [main] LogReports:23 - sitemap verified...
2019-09-26 15:49:41,909  INFO [main] LogReports:23 - services footer validated...
2019-09-26 15:49:41,964  INFO [main] LogReports:23 - careers footer validated...
2019-09-26 15:49:42,019  INFO [main] LogReports:23 - contactus footer validated...
2019-09-26 15:49:42,891  INFO [main] LogReports:23 - Locator type doesn't existnull
2019-09-26 15:52:52,763  INFO [main] LogReports:23 - Chrome browser started...
2019-09-26 15:53:08,512  INFO [main] LogReports:23 - Application is open...
2019-09-26 15:53:10,685  INFO [main] LogReports:23 - sitemap verified...
2019-09-26 15:53:10,756  INFO [main] LogReports:23 - services footer validated...
2019-09-26 15:53:10,825  INFO [main] LogReports:23 - careers footer validated...
2019-09-26 15:53:10,886  INFO [main] LogReports:23 - contactus footer validated...
2019-09-26 15:53:13,319  INFO [main] LogReports:23 - sitemap verified...
2019-09-26 15:53:13,352  INFO [main] LogReports:23 - services footer validated...
2019-09-26 15:53:13,410  INFO [main] LogReports:23 - careers footer validated...
2019-09-26 15:53:13,447  INFO [main] LogReports:23 - contactus footer validated...
2019-09-26 16:17:22,341  INFO [main] LogReports:23 - Chrome browser started...
2019-09-26 16:17:37,726  INFO [main] LogReports:23 - Application is open...
2019-09-26 16:17:40,800  INFO [main] LogReports:23 - sitemap verified...
2019-09-26 16:17:40,842  INFO [main] LogReports:23 - services footer validated...
2019-09-26 16:17:40,890  INFO [main] LogReports:23 - careers footer validated...
2019-09-26 16:17:40,940  INFO [main] LogReports:23 - contactus footer validated...
2019-09-26 16:17:42,959  INFO [main] LogReports:23 - sitemap verified...
2019-09-26 16:17:42,986  INFO [main] LogReports:23 - services footer validated...
2019-09-26 16:17:43,035  INFO [main] LogReports:23 - careers footer validated...
2019-09-26 16:17:43,066  INFO [main] LogReports:23 - contactus footer validated...
2019-09-26 16:17:48,893  INFO [main] LogReports:23 - sitemap verified...
2019-09-26 16:17:48,927  INFO [main] LogReports:23 - services footer validated...
2019-09-26 16:17:48,974  INFO [main] LogReports:23 - careers footer validated...
2019-09-26 16:17:49,038  INFO [main] LogReports:23 - contactus footer validated...
2019-09-26 16:33:45,335  INFO [main] LogReports:23 - Chrome browser started...
2019-09-26 16:34:01,546  INFO [main] LogReports:23 - Application is open...
2019-09-26 16:34:03,891  INFO [main] LogReports:23 - sitemap verified...
2019-09-26 16:34:03,943  INFO [main] LogReports:23 - services footer validated...
2019-09-26 16:34:04,009  INFO [main] LogReports:23 - careers footer validated...
2019-09-26 16:34:04,069  INFO [main] LogReports:23 - contactus footer validated...
2019-09-26 16:34:06,104  INFO [main] LogReports:23 - sitemap verified...
2019-09-26 16:34:06,143  INFO [main] LogReports:23 - services footer validated...
2019-09-26 16:34:06,181  INFO [main] LogReports:23 - careers footer validated...
2019-09-26 16:34:06,225  INFO [main] LogReports:23 - contactus footer validated...
2019-09-26 16:34:14,237  INFO [main] LogReports:23 - sitemap verified...
2019-09-26 16:34:14,274  INFO [main] LogReports:23 - services footer validated...
2019-09-26 16:34:14,307  INFO [main] LogReports:23 - careers footer validated...
2019-09-26 16:34:14,344  INFO [main] LogReports:23 - contactus footer validated...
2019-09-26 16:34:16,840  INFO [main] LogReports:23 - sitemap verified...
2019-09-26 16:34:16,884  INFO [main] LogReports:23 - services footer validated...
2019-09-26 16:34:16,932  INFO [main] LogReports:23 - careers footer validated...
2019-09-26 16:34:16,979  INFO [main] LogReports:23 - contactus footer validated...
2019-09-26 16:34:17,199  INFO [main] LogReports:23 - sitemap verified...
2019-09-26 16:34:17,234  INFO [main] LogReports:23 - services footer validated...
2019-09-26 16:34:17,267  INFO [main] LogReports:23 - careers footer validated...
2019-09-26 16:34:17,303  INFO [main] LogReports:23 - contactus footer validated...
2019-09-26 16:34:17,553  INFO [main] LogReports:23 - sitemap verified...
2019-09-26 16:34:17,587  INFO [main] LogReports:23 - services footer validated...
2019-09-26 16:34:17,623  INFO [main] LogReports:23 - careers footer validated...
2019-09-26 16:34:17,666  INFO [main] LogReports:23 - contactus footer validated...
2019-09-26 16:34:19,848  INFO [main] LogReports:23 - sitemap verified...
2019-09-26 16:34:19,884  INFO [main] LogReports:23 - services footer validated...
2019-09-26 16:34:19,920  INFO [main] LogReports:23 - careers footer validated...
2019-09-26 16:34:19,955  INFO [main] LogReports:23 - contactus footer validated...
2019-09-26 16:34:22,714  INFO [main] LogReports:23 - sitemap verified...
2019-09-26 16:34:22,747  INFO [main] LogReports:23 - services footer validated...
2019-09-26 16:34:22,788  INFO [main] LogReports:23 - careers footer validated...
2019-09-26 16:34:22,832  INFO [main] LogReports:23 - contactus footer validated...
2019-09-26 16:40:35,821  INFO [main] LogReports:23 - Chrome browser started...
2019-09-26 16:40:51,794  INFO [main] LogReports:23 - Application is open...
2019-09-26 16:40:54,215  INFO [main] LogReports:23 - sitemap verified...
2019-09-26 16:40:54,269  INFO [main] LogReports:23 - services footer validated...
2019-09-26 16:40:54,330  INFO [main] LogReports:23 - careers footer validated...
2019-09-26 16:40:54,391  INFO [main] LogReports:23 - contactus footer validated...
2019-09-26 16:40:56,201  INFO [main] LogReports:23 - sitemap verified...
2019-09-26 16:40:56,241  INFO [main] LogReports:23 - services footer validated...
2019-09-26 16:40:56,279  INFO [main] LogReports:23 - careers footer validated...
2019-09-26 16:40:56,320  INFO [main] LogReports:23 - contactus footer validated...
2019-09-26 16:41:01,583  INFO [main] LogReports:23 - sitemap verified...
2019-09-26 16:41:01,641  INFO [main] LogReports:23 - services footer validated...
2019-09-26 16:41:01,685  INFO [main] LogReports:23 - careers footer validated...
2019-09-26 16:41:01,727  INFO [main] LogReports:23 - contactus footer validated...
2019-09-26 16:41:04,273  INFO [main] LogReports:23 - sitemap verified...
2019-09-26 16:41:04,306  INFO [main] LogReports:23 - services footer validated...
2019-09-26 16:41:04,346  INFO [main] LogReports:23 - careers footer validated...
2019-09-26 16:41:04,382  INFO [main] LogReports:23 - contactus footer validated...
2019-09-26 16:41:04,646  INFO [main] LogReports:23 - sitemap verified...
2019-09-26 16:41:04,680  INFO [main] LogReports:23 - services footer validated...
2019-09-26 16:41:04,722  INFO [main] LogReports:23 - careers footer validated...
2019-09-26 16:41:04,767  INFO [main] LogReports:23 - contactus footer validated...
2019-09-26 16:41:05,028  INFO [main] LogReports:23 - sitemap verified...
2019-09-26 16:41:05,066  INFO [main] LogReports:23 - services footer validated...
2019-09-26 16:41:05,104  INFO [main] LogReports:23 - careers footer validated...
2019-09-26 16:41:05,134  INFO [main] LogReports:23 - contactus footer validated...
2019-09-26 16:41:06,999  INFO [main] LogReports:23 - sitemap verified...
2019-09-26 16:41:07,033  INFO [main] LogReports:23 - services footer validated...
2019-09-26 16:41:07,080  INFO [main] LogReports:23 - careers footer validated...
2019-09-26 16:41:07,117  INFO [main] LogReports:23 - contactus footer validated...
2019-09-26 16:41:09,144  INFO [main] LogReports:23 - sitemap verified...
2019-09-26 16:41:09,180  INFO [main] LogReports:23 - services footer validated...
2019-09-26 16:41:09,218  INFO [main] LogReports:23 - careers footer validated...
2019-09-26 16:41:09,260  INFO [main] LogReports:23 - contactus footer validated...
2019-09-26 17:08:53,083  INFO [main] LogReports:23 - Chrome browser started...
2019-09-26 17:09:09,234  INFO [main] LogReports:23 - Application is open...
2019-09-26 17:11:42,934  INFO [main] LogReports:23 - Chrome browser started...
2019-09-26 17:11:58,933  INFO [main] LogReports:23 - Application is open...
2019-09-26 17:12:35,492  INFO [main] LogReports:23 - Chrome browser started...
2019-09-26 17:12:51,005  INFO [main] LogReports:23 - Application is open...
2019-09-26 17:14:40,302  INFO [main] LogReports:23 - Chrome browser started...
2019-09-26 17:14:56,103  INFO [main] LogReports:23 - Application is open...
2019-09-26 17:16:04,615  INFO [main] LogReports:23 - Chrome browser started...
2019-09-26 17:16:21,806  INFO [main] LogReports:23 - Application is open...
2019-09-26 17:16:48,746  INFO [main] LogReports:23 - Chrome browser started...
2019-09-26 17:17:04,375  INFO [main] LogReports:23 - Application is open...
2019-09-26 17:17:27,975  INFO [main] LogReports:23 - Chrome browser started...
2019-09-26 17:17:43,942  INFO [main] LogReports:23 - Application is open...
2019-09-26 17:20:19,573  INFO [main] LogReports:23 - Chrome browser started...
2019-09-26 17:20:36,239  INFO [main] LogReports:23 - Application is open...
2019-09-26 17:33:22,559  INFO [main] LogReports:23 - Chrome browser started...
2019-09-26 17:33:38,429  INFO [main] LogReports:23 - Application is open...
2019-09-26 17:34:12,111  INFO [main] LogReports:23 - Chrome browser started...
2019-09-26 17:34:28,223  INFO [main] LogReports:23 - Application is open...
2019-09-26 17:36:02,920  INFO [main] LogReports:23 - Chrome browser started...
2019-09-26 17:36:19,732  INFO [main] LogReports:23 - Application is open...
2019-09-26 17:39:49,402  INFO [main] LogReports:23 - Chrome browser started...
2019-09-26 17:40:05,109  INFO [main] LogReports:23 - Application is open...
2019-09-26 17:42:00,387  INFO [main] LogReports:23 - Chrome browser started...
2019-09-26 17:42:17,818  INFO [main] LogReports:23 - Application is open...
2019-09-26 17:44:45,556  INFO [main] LogReports:23 - Chrome browser started...
2019-09-26 17:45:01,257  INFO [main] LogReports:23 - Application is open...
2019-09-26 17:49:09,620  INFO [main] LogReports:23 - Chrome browser started...
2019-09-26 17:49:25,852  INFO [main] LogReports:23 - Application is open...
2019-09-26 17:54:42,128  INFO [main] LogReports:23 - Chrome browser started...
2019-09-26 17:54:58,103  INFO [main] LogReports:23 - Application is open...
2019-09-26 17:56:39,071  INFO [main] LogReports:23 - Chrome browser started...
2019-09-26 17:56:54,792  INFO [main] LogReports:23 - Application is open...
2019-09-26 17:58:10,417  INFO [main] LogReports:23 - Chrome browser started...
2019-09-26 17:58:24,630  INFO [main] LogReports:23 - Application is open...
2019-09-26 18:03:28,380  INFO [main] LogReports:23 - Chrome browser started...
2019-09-26 18:03:45,790  INFO [main] LogReports:23 - Application is open...
2019-09-26 18:07:42,229  INFO [main] LogReports:23 - Chrome browser started...
2019-09-26 18:07:59,082  INFO [main] LogReports:23 - Application is open...
2019-09-26 18:54:03,216  INFO [main] LogReports:23 - Chrome browser started...
2019-09-26 18:54:20,249  INFO [main] LogReports:23 - Application is open...
2019-09-26 18:57:07,633  INFO [main] LogReports:23 - Chrome browser started...
2019-09-26 18:57:24,741  INFO [main] LogReports:23 - Application is open...
2019-09-26 18:58:55,207  INFO [main] LogReports:23 - Chrome browser started...
2019-09-26 18:59:10,655  INFO [main] LogReports:23 - Application is open...
2019-09-26 18:59:29,288  INFO [main] LogReports:23 - breadcrumb home validated...
2019-09-26 19:01:41,656  INFO [main] LogReports:23 - Chrome browser started...
2019-09-26 19:01:47,282  INFO [main] LogReports:23 - Application is open...
2019-09-26 19:02:29,992  INFO [main] LogReports:23 - Chrome browser started...
2019-09-26 19:02:45,218  INFO [main] LogReports:23 - Application is open...
2019-09-26 19:02:57,287  INFO [main] LogReports:23 - breadcrumb home validated...
2019-09-26 19:05:32,848  INFO [main] LogReports:23 - Chrome browser started...
2019-09-26 19:05:48,662  INFO [main] LogReports:23 - Application is open...
2019-09-26 19:05:48,874  INFO [main] LogReports:23 - breadcrumb home validated...
2019-09-26 19:13:55,938  INFO [main] LogReports:23 - Chrome browser started...
2019-09-26 19:14:13,138  INFO [main] LogReports:23 - Application is open...
2019-09-26 19:14:13,344  INFO [main] LogReports:23 - breadcrumb home validated...
2019-09-26 19:16:45,603  INFO [main] LogReports:23 - Chrome browser started...
2019-09-26 19:17:02,015  INFO [main] LogReports:23 - Application is open...
2019-09-26 19:17:02,226  INFO [main] LogReports:23 - breadcrumb home validated...
2019-09-26 19:17:45,529  INFO [main] LogReports:23 - Chrome browser started...
2019-09-26 19:18:02,190  INFO [main] LogReports:23 - Application is open...
2019-09-26 19:18:20,799  INFO [main] LogReports:23 - breadcrumb home validated...
2019-09-26 19:19:30,528  INFO [main] LogReports:23 - Chrome browser started...
2019-09-26 19:19:47,653  INFO [main] LogReports:23 - Application is open...
2019-09-26 19:25:51,265  INFO [main] LogReports:23 - Chrome browser started...
2019-09-26 19:26:05,811  INFO [main] LogReports:23 - Application is open...
2019-09-26 19:26:17,491  INFO [main] LogReports:23 - breadcrumb home validated...
2019-09-26 19:26:17,532  INFO [main] LogReports:23 - breadcrumb ai validated...
2019-09-26 19:26:17,574  INFO [main] LogReports:23 - breadcrumb myth validated...
2019-09-26 19:26:17,613  INFO [main] LogReports:23 - blog title validated...
2019-09-26 19:27:21,468  INFO [main] LogReports:23 - Chrome browser started...
2019-09-26 19:27:37,016  INFO [main] LogReports:23 - Application is open...
2019-09-26 19:27:50,459  INFO [main] LogReports:23 - breadcrumb home validated...
2019-09-26 19:27:50,515  INFO [main] LogReports:23 - breadcrumb ai validated...
2019-09-26 19:27:50,555  INFO [main] LogReports:23 - breadcrumb myth validated...
2019-09-26 19:27:50,589  INFO [main] LogReports:23 - blog title validated...
2019-09-26 19:27:50,625  INFO [main] LogReports:23 - date validated...
2019-09-26 19:29:53,610  INFO [main] LogReports:23 - Chrome browser started...
2019-09-26 19:30:10,238  INFO [main] LogReports:23 - Application is open...
2019-09-26 19:30:23,428  INFO [main] LogReports:23 - breadcrumb home validated...
2019-09-26 19:30:23,482  INFO [main] LogReports:23 - breadcrumb ai validated...
2019-09-26 19:30:23,534  INFO [main] LogReports:23 - breadcrumb myth validated...
2019-09-26 19:30:23,594  INFO [main] LogReports:23 - blog title validated...
2019-09-26 19:30:23,654  INFO [main] LogReports:23 - date validated...
2019-09-26 19:36:16,507  INFO [main] LogReports:23 - Chrome browser started...
2019-09-26 19:36:32,712  INFO [main] LogReports:23 - Application is open...
2019-09-26 19:36:32,921  INFO [main] LogReports:23 - breadcrumb home validated...
2019-09-26 19:37:44,918  INFO [main] LogReports:23 - Chrome browser started...
2019-09-26 19:38:01,906  INFO [main] LogReports:23 - Application is open...
2019-09-26 19:38:40,254  INFO [main] LogReports:23 - breadcrumb home validated...
2019-09-26 19:39:42,099  INFO [main] LogReports:23 - Chrome browser started...
2019-09-26 19:39:57,700  INFO [main] LogReports:23 - Application is open...
2019-09-26 19:40:12,497  INFO [main] LogReports:23 - breadcrumb home validated...
2019-09-26 19:40:12,561  INFO [main] LogReports:23 - breadcrumb ai validated...
2019-09-26 19:40:12,612  INFO [main] LogReports:23 - breadcrumb myth validated...
2019-09-26 19:40:12,669  INFO [main] LogReports:23 - blog title validated...
2019-09-26 19:40:12,757  INFO [main] LogReports:23 - date validated...
2019-09-26 19:41:19,958  INFO [main] LogReports:23 - Chrome browser started...
2019-09-26 19:41:35,966  INFO [main] LogReports:23 - Application is open...
2019-09-26 19:41:55,839  INFO [main] LogReports:23 - breadcrumb home validated...
2019-09-26 19:41:55,891  INFO [main] LogReports:23 - breadcrumb ai validated...
2019-09-26 19:41:55,935  INFO [main] LogReports:23 - breadcrumb myth validated...
2019-09-26 19:41:55,983  INFO [main] LogReports:23 - blog title validated...
2019-09-26 19:41:56,030  INFO [main] LogReports:23 - date validated...
2019-09-26 19:42:51,613  INFO [main] LogReports:23 - Chrome browser started...
2019-09-26 19:43:07,048  INFO [main] LogReports:23 - Application is open...
2019-09-26 19:43:19,426  INFO [main] LogReports:23 - breadcrumb home validated...
2019-09-26 19:43:19,480  INFO [main] LogReports:23 - breadcrumb ai validated...
2019-09-26 19:43:19,538  INFO [main] LogReports:23 - breadcrumb myth validated...
2019-09-26 19:43:19,585  INFO [main] LogReports:23 - blog title validated...
2019-09-26 19:43:19,634  INFO [main] LogReports:23 - date validated...
2019-09-26 19:48:06,062  INFO [main] LogReports:23 - Chrome browser started...
2019-09-26 19:48:20,615  INFO [main] LogReports:23 - Application is open...
2019-09-26 19:48:23,015  INFO [main] LogReports:23 - sitemap verified...
2019-09-26 19:48:23,066  INFO [main] LogReports:23 - services footer validated...
2019-09-26 19:48:23,115  INFO [main] LogReports:23 - careers footer validated...
2019-09-26 19:48:23,172  INFO [main] LogReports:23 - contactus footer validated...
2019-09-26 19:48:24,989  INFO [main] LogReports:23 - sitemap verified...
2019-09-26 19:48:25,009  INFO [main] LogReports:23 - services footer validated...
2019-09-26 19:48:25,054  INFO [main] LogReports:23 - careers footer validated...
2019-09-26 19:48:25,098  INFO [main] LogReports:23 - contactus footer validated...
2019-09-26 19:48:30,160  INFO [main] LogReports:23 - sitemap verified...
2019-09-26 19:48:30,192  INFO [main] LogReports:23 - services footer validated...
2019-09-26 19:48:30,229  INFO [main] LogReports:23 - careers footer validated...
2019-09-26 19:48:30,306  INFO [main] LogReports:23 - contactus footer validated...
2019-09-26 19:48:34,520  INFO [main] LogReports:23 - sitemap verified...
2019-09-26 19:48:34,556  INFO [main] LogReports:23 - services footer validated...
2019-09-26 19:48:34,598  INFO [main] LogReports:23 - careers footer validated...
2019-09-26 19:48:34,636  INFO [main] LogReports:23 - contactus footer validated...
2019-09-26 19:48:34,870  INFO [main] LogReports:23 - sitemap verified...
2019-09-26 19:48:34,900  INFO [main] LogReports:23 - services footer validated...
2019-09-26 19:48:34,929  INFO [main] LogReports:23 - careers footer validated...
2019-09-26 19:48:34,957  INFO [main] LogReports:23 - contactus footer validated...
2019-09-26 19:48:35,221  INFO [main] LogReports:23 - sitemap verified...
2019-09-26 19:48:35,255  INFO [main] LogReports:23 - services footer validated...
2019-09-26 19:48:35,283  INFO [main] LogReports:23 - careers footer validated...
2019-09-26 19:48:35,317  INFO [main] LogReports:23 - contactus footer validated...
2019-09-26 19:48:39,450  INFO [main] LogReports:23 - sitemap verified...
2019-09-26 19:48:39,473  INFO [main] LogReports:23 - services footer validated...
2019-09-26 19:48:39,522  INFO [main] LogReports:23 - careers footer validated...
2019-09-26 19:48:39,554  INFO [main] LogReports:23 - contactus footer validated...
2019-09-26 19:48:41,584  INFO [main] LogReports:23 - sitemap verified...
2019-09-26 19:48:41,618  INFO [main] LogReports:23 - services footer validated...
2019-09-26 19:48:41,652  INFO [main] LogReports:23 - careers footer validated...
2019-09-26 19:48:41,688  INFO [main] LogReports:23 - contactus footer validated...
2019-09-26 19:49:48,410  INFO [main] LogReports:23 - Chrome browser started...
2019-09-26 19:50:03,137  INFO [main] LogReports:23 - Application is open...
2019-09-26 19:50:14,852  INFO [main] LogReports:23 - breadcrumb home validated...
2019-09-26 19:50:14,909  INFO [main] LogReports:23 - breadcrumb ai validated...
2019-09-26 19:50:14,965  INFO [main] LogReports:23 - breadcrumb myth validated...
2019-09-26 19:50:15,022  INFO [main] LogReports:23 - blog title validated...
2019-09-26 19:50:15,090  INFO [main] LogReports:23 - date validated...
